2022-11-13 09:54:13.262  INFO 13836 --- [TestNG-PoolService-2] c.u.s.springselenium.bdd.GoogleSteps     : Starting GoogleSteps using Java 15.0.2 on LAPTOP-KI3RUAKE with PID 13836 (D:\spring-selenium\spring-selenium1\target\test-classes started by nagoo in D:\spring-selenium\spring-selenium1)
2022-11-13 09:54:13.265  INFO 13836 --- [TestNG-PoolService-2] c.u.s.springselenium.bdd.GoogleSteps     : No active profile set, falling back to 1 default profile: "default"
2022-11-13 09:54:13.745  INFO 13836 --- [TestNG-PoolService-2] .s.d.r.c.RepositoryConfigurationDelegate : Bootstrapping Spring Data JPA repositories in DEFAULT mode.
2022-11-13 09:54:13.814  INFO 13836 --- [TestNG-PoolService-2] .s.d.r.c.RepositoryConfigurationDelegate : Finished Spring Data repository scanning in 61 ms. Found 1 JPA repository interfaces.
2022-11-13 09:54:14.299  INFO 13836 --- [TestNG-PoolService-2] com.zaxxer.hikari.HikariDataSource       : HikariPool-1 - Starting...
2022-11-13 09:54:14.491  INFO 13836 --- [TestNG-PoolService-2] com.zaxxer.hikari.HikariDataSource       : HikariPool-1 - Start completed.
2022-11-13 09:54:14.728  INFO 13836 --- [TestNG-PoolService-2] o.hibernate.jpa.internal.util.LogHelper  : HHH000204: Processing PersistenceUnitInfo [name: default]
2022-11-13 09:54:14.775  INFO 13836 --- [TestNG-PoolService-2] org.hibernate.Version                    : HHH000412: Hibernate ORM core version 5.6.12.Final
2022-11-13 09:54:14.940  INFO 13836 --- [TestNG-PoolService-2] o.hibernate.annotations.common.Version   : HCANN000001: Hibernate Commons Annotations {5.1.2.Final}
2022-11-13 09:54:15.080  INFO 13836 --- [TestNG-PoolService-2] org.hibernate.dialect.Dialect            : HHH000400: Using dialect: org.hibernate.dialect.H2Dialect
2022-11-13 09:54:15.546  INFO 13836 --- [TestNG-PoolService-2] o.h.e.t.j.p.i.JtaPlatformInitiator       : HHH000490: Using JtaPlatform implementation: [org.hibernate.engine.transaction.jta.platform.internal.NoJtaPlatform]
2022-11-13 09:54:15.552  INFO 13836 --- [TestNG-PoolService-2] j.LocalContainerEntityManagerFactoryBean : Initialized JPA EntityManagerFactory for persistence unit 'default'
2022-11-13 09:54:16.302  INFO 13836 --- [TestNG-PoolService-2] c.u.s.springselenium.bdd.GoogleSteps     : Started GoogleSteps in 3.29 seconds (JVM running for 5.069)
2022-11-13 09:54:17.001  INFO 13836 --- [TestNG-PoolService-1] i.g.bonigarcia.wdm.WebDriverManager      : Using chromedriver 107.0.5304.62 (resolved driver for Chrome 107)
2022-11-13 09:54:17.001  INFO 13836 --- [TestNG-PoolService-2] i.g.bonigarcia.wdm.WebDriverManager      : Using chromedriver 107.0.5304.62 (resolved driver for Chrome 107)
2022-11-13 09:54:17.001  INFO 13836 --- [TestNG-PoolService-0] i.g.bonigarcia.wdm.WebDriverManager      : Using chromedriver 107.0.5304.62 (resolved driver for Chrome 107)
2022-11-13 09:54:17.002  INFO 13836 --- [TestNG-PoolService-5] i.g.bonigarcia.wdm.WebDriverManager      : Using chromedriver 107.0.5304.62 (resolved driver for Chrome 107)
2022-11-13 09:54:17.002  INFO 13836 --- [TestNG-PoolService-3] i.g.bonigarcia.wdm.WebDriverManager      : Using chromedriver 107.0.5304.62 (resolved driver for Chrome 107)
2022-11-13 09:54:17.003  INFO 13836 --- [TestNG-PoolService-4] i.g.bonigarcia.wdm.WebDriverManager      : Using chromedriver 107.0.5304.62 (resolved driver for Chrome 107)
2022-11-13 09:54:17.020  INFO 13836 --- [TestNG-PoolService-4] i.g.bonigarcia.wdm.WebDriverManager      : Exporting webdriver.chrome.driver as C:\Users\nagoo\.cache\selenium\chromedriver\win32\107.0.5304.62\chromedriver.exe
2022-11-13 09:54:17.021  INFO 13836 --- [TestNG-PoolService-3] i.g.bonigarcia.wdm.WebDriverManager      : Exporting webdriver.chrome.driver as C:\Users\nagoo\.cache\selenium\chromedriver\win32\107.0.5304.62\chromedriver.exe
2022-11-13 09:54:17.020  INFO 13836 --- [TestNG-PoolService-1] i.g.bonigarcia.wdm.WebDriverManager      : Exporting webdriver.chrome.driver as C:\Users\nagoo\.cache\selenium\chromedriver\win32\107.0.5304.62\chromedriver.exe
2022-11-13 09:54:17.021  INFO 13836 --- [TestNG-PoolService-2] i.g.bonigarcia.wdm.WebDriverManager      : Exporting webdriver.chrome.driver as C:\Users\nagoo\.cache\selenium\chromedriver\win32\107.0.5304.62\chromedriver.exe
2022-11-13 09:54:17.021  INFO 13836 --- [TestNG-PoolService-5] i.g.bonigarcia.wdm.WebDriverManager      : Exporting webdriver.chrome.driver as C:\Users\nagoo\.cache\selenium\chromedriver\win32\107.0.5304.62\chromedriver.exe
2022-11-13 09:54:17.021  INFO 13836 --- [TestNG-PoolService-0] i.g.bonigarcia.wdm.WebDriverManager      : Exporting webdriver.chrome.driver as C:\Users\nagoo\.cache\selenium\chromedriver\win32\107.0.5304.62\chromedriver.exe
2022-11-13 09:54:20.259  INFO 13836 --- [Forwarding newSession on session null to remote] o.o.selenium.remote.ProtocolHandshake    : Detected upstream dialect: W3C
2022-11-13 09:54:20.259  INFO 13836 --- [Forwarding newSession on session null to remote] o.o.selenium.remote.ProtocolHandshake    : Detected upstream dialect: W3C
2022-11-13 09:54:20.259  INFO 13836 --- [Forwarding newSession on session null to remote] o.o.selenium.remote.ProtocolHandshake    : Detected upstream dialect: W3C
2022-11-13 09:54:20.259  INFO 13836 --- [Forwarding newSession on session null to remote] o.o.selenium.remote.ProtocolHandshake    : Detected upstream dialect: W3C
2022-11-13 09:54:20.461  INFO 13836 --- [Forwarding newSession on session null to remote] o.o.selenium.remote.ProtocolHandshake    : Detected upstream dialect: W3C
2022-11-13 09:54:20.787  WARN 13836 --- [TestNG-PoolService-3] o.o.selenium.devtools.CdpVersionFinder   : Unable to find an exact match for CDP version 107, so returning the closest version found: a no-op implementation
2022-11-13 09:54:20.787  WARN 13836 --- [TestNG-PoolService-1] o.o.selenium.devtools.CdpVersionFinder   : Unable to find an exact match for CDP version 107, so returning the closest version found: a no-op implementation
2022-11-13 09:54:20.788  INFO 13836 --- [TestNG-PoolService-1] o.o.selenium.devtools.CdpVersionFinder   : Unable to find CDP implementation matching 107.
2022-11-13 09:54:20.788  INFO 13836 --- [TestNG-PoolService-3] o.o.selenium.devtools.CdpVersionFinder   : Unable to find CDP implementation matching 107.
2022-11-13 09:54:20.790  WARN 13836 --- [TestNG-PoolService-3] o.o.selenium.chromium.ChromiumDriver     : Unable to find version of CDP to use for . You may need to include a dependency on a specific version of the CDP using something similar to `org.seleniumhq.selenium:selenium-devtools-v86:4.2.1` where the version ("v86") matches the version of the chromium-based browser you're using and the version number of the artifact is the same as Selenium's.
2022-11-13 09:54:20.793  WARN 13836 --- [TestNG-PoolService-1] o.o.selenium.chromium.ChromiumDriver     : Unable to find version of CDP to use for . You may need to include a dependency on a specific version of the CDP using something similar to `org.seleniumhq.selenium:selenium-devtools-v86:4.2.1` where the version ("v86") matches the version of the chromium-based browser you're using and the version number of the artifact is the same as Selenium's.
2022-11-13 09:54:20.942  WARN 13836 --- [TestNG-PoolService-0] o.o.selenium.devtools.CdpVersionFinder   : Unable to find an exact match for CDP version 107, so returning the closest version found: a no-op implementation
2022-11-13 09:54:20.942  INFO 13836 --- [TestNG-PoolService-0] o.o.selenium.devtools.CdpVersionFinder   : Unable to find CDP implementation matching 107.
2022-11-13 09:54:20.943  WARN 13836 --- [TestNG-PoolService-0] o.o.selenium.chromium.ChromiumDriver     : Unable to find version of CDP to use for . You may need to include a dependency on a specific version of the CDP using something similar to `org.seleniumhq.selenium:selenium-devtools-v86:4.2.1` where the version ("v86") matches the version of the chromium-based browser you're using and the version number of the artifact is the same as Selenium's.
2022-11-13 09:54:20.986  WARN 13836 --- [TestNG-PoolService-2] o.o.selenium.devtools.CdpVersionFinder   : Unable to find an exact match for CDP version 107, so returning the closest version found: a no-op implementation
2022-11-13 09:54:20.987  INFO 13836 --- [TestNG-PoolService-2] o.o.selenium.devtools.CdpVersionFinder   : Unable to find CDP implementation matching 107.
2022-11-13 09:54:20.988  WARN 13836 --- [TestNG-PoolService-2] o.o.selenium.chromium.ChromiumDriver     : Unable to find version of CDP to use for . You may need to include a dependency on a specific version of the CDP using something similar to `org.seleniumhq.selenium:selenium-devtools-v86:4.2.1` where the version ("v86") matches the version of the chromium-based browser you're using and the version number of the artifact is the same as Selenium's.
2022-11-13 09:54:20.992  WARN 13836 --- [TestNG-PoolService-5] o.o.selenium.devtools.CdpVersionFinder   : Unable to find an exact match for CDP version 107, so returning the closest version found: a no-op implementation
2022-11-13 09:54:20.992  INFO 13836 --- [TestNG-PoolService-5] o.o.selenium.devtools.CdpVersionFinder   : Unable to find CDP implementation matching 107.
2022-11-13 09:54:20.993  WARN 13836 --- [TestNG-PoolService-5] o.o.selenium.chromium.ChromiumDriver     : Unable to find version of CDP to use for . You may need to include a dependency on a specific version of the CDP using something similar to `org.seleniumhq.selenium:selenium-devtools-v86:4.2.1` where the version ("v86") matches the version of the chromium-based browser you're using and the version number of the artifact is the same as Selenium's.
2022-11-13 09:54:21.377  INFO 13836 --- [Forwarding newSession on session null to remote] o.o.selenium.remote.ProtocolHandshake    : Detected upstream dialect: W3C
2022-11-13 09:54:21.412  WARN 13836 --- [TestNG-PoolService-4] o.o.selenium.devtools.CdpVersionFinder   : Unable to find an exact match for CDP version 107, so returning the closest version found: a no-op implementation
2022-11-13 09:54:21.413  INFO 13836 --- [TestNG-PoolService-4] o.o.selenium.devtools.CdpVersionFinder   : Unable to find CDP implementation matching 107.
2022-11-13 09:54:21.413  WARN 13836 --- [TestNG-PoolService-4] o.o.selenium.chromium.ChromiumDriver     : Unable to find version of CDP to use for . You may need to include a dependency on a specific version of the CDP using something similar to `org.seleniumhq.selenium:selenium-devtools-v86:4.2.1` where the version ("v86") matches the version of the chromium-based browser you're using and the version number of the artifact is the same as Selenium's.
2022-11-13 09:54:29.032  INFO 13836 --- [TestNG-PoolService-3] c.u.s.s.page.visa.VisaRegistrationPage   : Getting names : Kraig
2022-11-13 09:54:29.072  INFO 13836 --- [TestNG-PoolService-4] c.u.s.s.page.visa.VisaRegistrationPage   : Getting names : Houston
2022-11-13 09:54:29.092  INFO 13836 --- [TestNG-PoolService-5] c.u.s.s.page.visa.VisaRegistrationPage   : Getting names : Ruthie
2022-11-13 09:54:34.543  INFO 13836 --- [TestNG-PoolService-1] .b.t.c.SpringBootTestContextBootstrapper : Neither @ContextConfiguration nor @ContextHierarchy found for test class [com.udemy.spring.springselenium.bdd.GoogleSteps], using SpringBootContextLoader
2022-11-13 09:54:34.545  INFO 13836 --- [TestNG-PoolService-1] o.s.t.c.support.AbstractContextLoader    : Could not detect default resource locations for test class [com.udemy.spring.springselenium.bdd.GoogleSteps]: no resource found for suffixes {-context.xml, Context.groovy}.
2022-11-13 09:54:34.545  INFO 13836 --- [TestNG-PoolService-1] t.c.s.AnnotationConfigContextLoaderUtils : Could not detect default configuration classes for test class [com.udemy.spring.springselenium.bdd.GoogleSteps]: GoogleSteps does not declare any static, non-private, non-final, nested classes annotated with @Configuration.
2022-11-13 09:54:34.552  INFO 13836 --- [TestNG-PoolService-1] .b.t.c.SpringBootTestContextBootstrapper : Found @SpringBootConfiguration com.udemy.spring.springselenium.SpringSeleniumApplication for test class com.udemy.spring.springselenium.bdd.GoogleSteps
2022-11-13 09:54:34.555  INFO 13836 --- [TestNG-PoolService-1] .b.t.c.SpringBootTestContextBootstrapper : Loaded default TestExecutionListener class names from location [META-INF/spring.factories]: [org.springframework.boot.test.mock.mockito.MockitoTestExecutionListener, org.springframework.boot.test.mock.mockito.ResetMocksTestExecutionListener, org.springframework.boot.test.autoconfigure.restdocs.RestDocsTestExecutionListener, org.springframework.boot.test.autoconfigure.web.client.MockRestServiceServerResetTestExecutionListener, org.springframework.boot.test.autoconfigure.web.servlet.MockMvcPrintOnlyOnFailureTestExecutionListener, org.springframework.boot.test.autoconfigure.web.servlet.WebDriverTestExecutionListener, org.springframework.boot.test.autoconfigure.webservices.client.MockWebServiceServerTestExecutionListener, org.springframework.test.context.web.ServletTestExecutionListener, org.springframework.test.context.support.DirtiesContextBeforeModesTestExecutionListener, org.springframework.test.context.event.ApplicationEventsTestExecutionListener, org.springframework.test.context.support.DependencyInjectionTestExecutionListener, org.springframework.test.context.support.DirtiesContextTestExecutionListener, org.springframework.test.context.transaction.TransactionalTestExecutionListener, org.springframework.test.context.jdbc.SqlScriptsTestExecutionListener, org.springframework.test.context.event.EventPublishingTestExecutionListener]
2022-11-13 09:54:34.556  INFO 13836 --- [TestNG-PoolService-1] .b.t.c.SpringBootTestContextBootstrapper : Using TestExecutionListeners: [org.springframework.test.context.support.DirtiesContextBeforeModesTestExecutionListener@d8094da, org.springframework.test.context.event.ApplicationEventsTestExecutionListener@4c582879, org.springframework.boot.test.mock.mockito.MockitoTestExecutionListener@45bf17ea, org.springframework.boot.test.autoconfigure.SpringBootDependencyInjectionTestExecutionListener@429683e6, org.springframework.test.context.support.DirtiesContextTestExecutionListener@4bb9f92a, org.springframework.test.context.transaction.TransactionalTestExecutionListener@46af1bc4, org.springframework.test.context.jdbc.SqlScriptsTestExecutionListener@7b9244bc, org.springframework.test.context.event.EventPublishingTestExecutionListener@d6d619b, org.springframework.boot.test.mock.mockito.ResetMocksTestExecutionListener@919a9b5, org.springframework.boot.test.autoconfigure.restdocs.RestDocsTestExecutionListener@37d6f269, org.springframework.boot.test.autoconfigure.web.client.MockRestServiceServerResetTestExecutionListener@5e08e78b, org.springframework.boot.test.autoconfigure.web.servlet.MockMvcPrintOnlyOnFailureTestExecutionListener@388f3468, org.springframework.boot.test.autoconfigure.web.servlet.WebDriverTestExecutionListener@7c9f76cd, org.springframework.boot.test.autoconfigure.webservices.client.MockWebServiceServerTestExecutionListener@7c5a968d]
2022-11-13 09:54:34.614  INFO 13836 --- [TestNG-PoolService-1] i.g.bonigarcia.wdm.WebDriverManager      : Using chromedriver 107.0.5304.62 (resolved driver for Chrome 107)
2022-11-13 09:54:34.633  INFO 13836 --- [TestNG-PoolService-1] i.g.bonigarcia.wdm.WebDriverManager      : Exporting webdriver.chrome.driver as C:\Users\nagoo\.cache\selenium\chromedriver\win32\107.0.5304.62\chromedriver.exe
2022-11-13 09:54:36.108  INFO 13836 --- [Forwarding newSession on session null to remote] o.o.selenium.remote.ProtocolHandshake    : Detected upstream dialect: W3C
2022-11-13 09:54:36.141  WARN 13836 --- [TestNG-PoolService-1] o.o.selenium.devtools.CdpVersionFinder   : Unable to find an exact match for CDP version 107, so returning the closest version found: a no-op implementation
2022-11-13 09:54:36.142  INFO 13836 --- [TestNG-PoolService-1] o.o.selenium.devtools.CdpVersionFinder   : Unable to find CDP implementation matching 107.
2022-11-13 09:54:36.143  WARN 13836 --- [TestNG-PoolService-1] o.o.selenium.chromium.ChromiumDriver     : Unable to find version of CDP to use for . You may need to include a dependency on a specific version of the CDP using something similar to `org.seleniumhq.selenium:selenium-devtools-v86:4.2.1` where the version ("v86") matches the version of the chromium-based browser you're using and the version number of the artifact is the same as Selenium's.
2022-11-13 09:54:39.448  INFO 13836 --- [TestNG-PoolService-1] c.u.s.s.page.visa.VisaRegistrationPage   : Getting names : Shonna
2022-11-13 09:54:43.618  INFO 13836 --- [main] tech.grasshopper.pdf.PDFCucumberReport   : PDF report configuration YAML file not found. Using default settings.
2022-11-13 09:54:52.091 ERROR 13836 --- [main] org.testng.reporters.jq.Main             : D:\spring-selenium\spring-selenium1\target\surefire-reports\jquery-3.6.0.min.js

java.nio.file.FileAlreadyExistsException: D:\spring-selenium\spring-selenium1\target\surefire-reports\jquery-3.6.0.min.js
	at java.base/sun.nio.fs.WindowsException.translateToIOException(WindowsException.java:87) ~[na:na]
	at java.base/sun.nio.fs.WindowsException.rethrowAsIOException(WindowsException.java:103) ~[na:na]
	at java.base/sun.nio.fs.WindowsException.rethrowAsIOException(WindowsException.java:108) ~[na:na]
	at java.base/sun.nio.fs.WindowsFileSystemProvider.newByteChannel(WindowsFileSystemProvider.java:235) ~[na:na]
	at java.base/java.nio.file.spi.FileSystemProvider.newOutputStream(FileSystemProvider.java:478) ~[na:na]
	at java.base/java.nio.file.Files.newOutputStream(Files.java:224) ~[na:na]
	at java.base/java.nio.file.Files.copy(Files.java:3144) ~[na:na]
	at org.testng.reporters.jq.Main.generateReport(Main.java:93) ~[testng-7.6.0.jar:7.6.0]
	at org.testng.TestNG.generateReports(TestNG.java:1134) ~[testng-7.6.0.jar:7.6.0]
	at org.testng.TestNG.run(TestNG.java:1072) ~[testng-7.6.0.jar:7.6.0]
	at org.apache.maven.surefire.testng.TestNGExecutor.run(TestNGExecutor.java:135) ~[surefire-testng-2.22.2.jar:2.22.2]
	at org.apache.maven.surefire.testng.TestNGDirectoryTestSuite.executeSingleClass(TestNGDirectoryTestSuite.java:112) ~[surefire-testng-2.22.2.jar:2.22.2]
	at org.apache.maven.surefire.testng.TestNGDirectoryTestSuite.execute(TestNGDirectoryTestSuite.java:99) ~[surefire-testng-2.22.2.jar:2.22.2]
	at org.apache.maven.surefire.testng.TestNGProvider.invoke(TestNGProvider.java:146) ~[surefire-testng-2.22.2.jar:2.22.2]
	at org.apache.maven.surefire.booter.ForkedBooter.invokeProviderInSameClassLoader(ForkedBooter.java:384) ~[surefire-booter-2.22.2.jar:2.22.2]
	at org.apache.maven.surefire.booter.ForkedBooter.runSuitesInProcess(ForkedBooter.java:345) ~[surefire-booter-2.22.2.jar:2.22.2]
	at org.apache.maven.surefire.booter.ForkedBooter.execute(ForkedBooter.java:126) ~[surefire-booter-2.22.2.jar:2.22.2]
	at org.apache.maven.surefire.booter.ForkedBooter.main(ForkedBooter.java:418) ~[surefire-booter-2.22.2.jar:2.22.2]

2022-11-13 09:54:52.138  INFO 13836 --- [SpringApplicationShutdownHook] j.LocalContainerEntityManagerFactoryBean : Closing JPA EntityManagerFactory for persistence unit 'default'
2022-11-13 09:54:52.138  INFO 13836 --- [SpringApplicationShutdownHook] .SchemaDropperImpl$DelayedDropActionImpl : HHH000477: Starting delayed evictData of schema as part of SessionFactory shut-down'
2022-11-13 09:54:52.142  INFO 13836 --- [SpringApplicationShutdownHook] com.zaxxer.hikari.HikariDataSource       : HikariPool-1 - Shutdown initiated...
2022-11-13 09:54:52.145  INFO 13836 --- [SpringApplicationShutdownHook] com.zaxxer.hikari.HikariDataSource       : HikariPool-1 - Shutdown completed.
2022-11-13 09:54:55.867  INFO 17420 --- [TestNG-PoolService-0] c.u.s.springselenium.bdd.GoogleSteps     : Starting GoogleSteps using Java 15.0.2 on LAPTOP-KI3RUAKE with PID 17420 (D:\spring-selenium\spring-selenium2\target\test-classes started by nagoo in D:\spring-selenium\spring-selenium2)
2022-11-13 09:54:55.869  INFO 17420 --- [TestNG-PoolService-0] c.u.s.springselenium.bdd.GoogleSteps     : No active profile set, falling back to 1 default profile: "default"
2022-11-13 09:54:56.360  INFO 17420 --- [TestNG-PoolService-0] .s.d.r.c.RepositoryConfigurationDelegate : Bootstrapping Spring Data JPA repositories in DEFAULT mode.
2022-11-13 09:54:56.438  INFO 17420 --- [TestNG-PoolService-0] .s.d.r.c.RepositoryConfigurationDelegate : Finished Spring Data repository scanning in 66 ms. Found 1 JPA repository interfaces.
2022-11-13 09:54:56.982  INFO 17420 --- [TestNG-PoolService-0] com.zaxxer.hikari.HikariDataSource       : HikariPool-1 - Starting...
2022-11-13 09:54:57.211  INFO 17420 --- [TestNG-PoolService-0] com.zaxxer.hikari.HikariDataSource       : HikariPool-1 - Start completed.
2022-11-13 09:54:57.462  INFO 17420 --- [TestNG-PoolService-0] o.hibernate.jpa.internal.util.LogHelper  : HHH000204: Processing PersistenceUnitInfo [name: default]
2022-11-13 09:54:57.539  INFO 17420 --- [TestNG-PoolService-0] org.hibernate.Version                    : HHH000412: Hibernate ORM core version 5.6.12.Final
2022-11-13 09:54:57.712  INFO 17420 --- [TestNG-PoolService-0] o.hibernate.annotations.common.Version   : HCANN000001: Hibernate Commons Annotations {5.1.2.Final}
2022-11-13 09:54:57.838  INFO 17420 --- [TestNG-PoolService-0] org.hibernate.dialect.Dialect            : HHH000400: Using dialect: org.hibernate.dialect.H2Dialect
2022-11-13 09:54:58.399  INFO 17420 --- [TestNG-PoolService-0] o.h.e.t.j.p.i.JtaPlatformInitiator       : HHH000490: Using JtaPlatform implementation: [org.hibernate.engine.transaction.jta.platform.internal.NoJtaPlatform]
2022-11-13 09:54:58.411  INFO 17420 --- [TestNG-PoolService-0] j.LocalContainerEntityManagerFactoryBean : Initialized JPA EntityManagerFactory for persistence unit 'default'
2022-11-13 09:54:59.306  INFO 17420 --- [TestNG-PoolService-0] c.u.s.springselenium.bdd.GoogleSteps     : Started GoogleSteps in 3.696 seconds (JVM running for 5.607)
2022-11-13 09:55:00.081  INFO 17420 --- [TestNG-PoolService-3] i.g.bonigarcia.wdm.WebDriverManager      : Using chromedriver 107.0.5304.62 (resolved driver for Chrome 107)
2022-11-13 09:55:00.081  INFO 17420 --- [TestNG-PoolService-2] i.g.bonigarcia.wdm.WebDriverManager      : Using chromedriver 107.0.5304.62 (resolved driver for Chrome 107)
2022-11-13 09:55:00.081  INFO 17420 --- [TestNG-PoolService-5] i.g.bonigarcia.wdm.WebDriverManager      : Using chromedriver 107.0.5304.62 (resolved driver for Chrome 107)
2022-11-13 09:55:00.081  INFO 17420 --- [TestNG-PoolService-1] i.g.bonigarcia.wdm.WebDriverManager      : Using chromedriver 107.0.5304.62 (resolved driver for Chrome 107)
2022-11-13 09:55:00.081  INFO 17420 --- [TestNG-PoolService-4] i.g.bonigarcia.wdm.WebDriverManager      : Using chromedriver 107.0.5304.62 (resolved driver for Chrome 107)
2022-11-13 09:55:00.081  INFO 17420 --- [TestNG-PoolService-0] i.g.bonigarcia.wdm.WebDriverManager      : Using chromedriver 107.0.5304.62 (resolved driver for Chrome 107)
2022-11-13 09:55:00.105  INFO 17420 --- [TestNG-PoolService-0] i.g.bonigarcia.wdm.WebDriverManager      : Exporting webdriver.chrome.driver as C:\Users\nagoo\.cache\selenium\chromedriver\win32\107.0.5304.62\chromedriver.exe
2022-11-13 09:55:00.105  INFO 17420 --- [TestNG-PoolService-1] i.g.bonigarcia.wdm.WebDriverManager      : Exporting webdriver.chrome.driver as C:\Users\nagoo\.cache\selenium\chromedriver\win32\107.0.5304.62\chromedriver.exe
2022-11-13 09:55:00.105  INFO 17420 --- [TestNG-PoolService-3] i.g.bonigarcia.wdm.WebDriverManager      : Exporting webdriver.chrome.driver as C:\Users\nagoo\.cache\selenium\chromedriver\win32\107.0.5304.62\chromedriver.exe
2022-11-13 09:55:00.105  INFO 17420 --- [TestNG-PoolService-4] i.g.bonigarcia.wdm.WebDriverManager      : Exporting webdriver.chrome.driver as C:\Users\nagoo\.cache\selenium\chromedriver\win32\107.0.5304.62\chromedriver.exe
2022-11-13 09:55:00.105  INFO 17420 --- [TestNG-PoolService-2] i.g.bonigarcia.wdm.WebDriverManager      : Exporting webdriver.chrome.driver as C:\Users\nagoo\.cache\selenium\chromedriver\win32\107.0.5304.62\chromedriver.exe
2022-11-13 09:55:00.106  INFO 17420 --- [TestNG-PoolService-5] i.g.bonigarcia.wdm.WebDriverManager      : Exporting webdriver.chrome.driver as C:\Users\nagoo\.cache\selenium\chromedriver\win32\107.0.5304.62\chromedriver.exe
2022-11-13 09:55:03.619  INFO 17420 --- [Forwarding newSession on session null to remote] o.o.selenium.remote.ProtocolHandshake    : Detected upstream dialect: W3C
2022-11-13 09:55:03.619  INFO 17420 --- [Forwarding newSession on session null to remote] o.o.selenium.remote.ProtocolHandshake    : Detected upstream dialect: W3C
2022-11-13 09:55:03.620  INFO 17420 --- [Forwarding newSession on session null to remote] o.o.selenium.remote.ProtocolHandshake    : Detected upstream dialect: W3C
2022-11-13 09:55:03.620  INFO 17420 --- [Forwarding newSession on session null to remote] o.o.selenium.remote.ProtocolHandshake    : Detected upstream dialect: W3C
2022-11-13 09:55:03.619  INFO 17420 --- [Forwarding newSession on session null to remote] o.o.selenium.remote.ProtocolHandshake    : Detected upstream dialect: W3C
2022-11-13 09:55:03.619  INFO 17420 --- [Forwarding newSession on session null to remote] o.o.selenium.remote.ProtocolHandshake    : Detected upstream dialect: W3C
2022-11-13 09:55:03.833  WARN 17420 --- [TestNG-PoolService-5] o.o.selenium.devtools.CdpVersionFinder   : Unable to find an exact match for CDP version 107, so returning the closest version found: a no-op implementation
2022-11-13 09:55:03.834  WARN 17420 --- [TestNG-PoolService-3] o.o.selenium.devtools.CdpVersionFinder   : Unable to find an exact match for CDP version 107, so returning the closest version found: a no-op implementation
2022-11-13 09:55:03.833  WARN 17420 --- [TestNG-PoolService-1] o.o.selenium.devtools.CdpVersionFinder   : Unable to find an exact match for CDP version 107, so returning the closest version found: a no-op implementation
2022-11-13 09:55:03.833  WARN 17420 --- [TestNG-PoolService-4] o.o.selenium.devtools.CdpVersionFinder   : Unable to find an exact match for CDP version 107, so returning the closest version found: a no-op implementation
2022-11-13 09:55:03.834  INFO 17420 --- [TestNG-PoolService-5] o.o.selenium.devtools.CdpVersionFinder   : Unable to find CDP implementation matching 107.
2022-11-13 09:55:03.834  INFO 17420 --- [TestNG-PoolService-3] o.o.selenium.devtools.CdpVersionFinder   : Unable to find CDP implementation matching 107.
2022-11-13 09:55:03.833  WARN 17420 --- [TestNG-PoolService-0] o.o.selenium.devtools.CdpVersionFinder   : Unable to find an exact match for CDP version 107, so returning the closest version found: a no-op implementation
2022-11-13 09:55:03.834  INFO 17420 --- [TestNG-PoolService-4] o.o.selenium.devtools.CdpVersionFinder   : Unable to find CDP implementation matching 107.
2022-11-13 09:55:03.835  INFO 17420 --- [TestNG-PoolService-0] o.o.selenium.devtools.CdpVersionFinder   : Unable to find CDP implementation matching 107.
2022-11-13 09:55:03.835  WARN 17420 --- [TestNG-PoolService-5] o.o.selenium.chromium.ChromiumDriver     : Unable to find version of CDP to use for . You may need to include a dependency on a specific version of the CDP using something similar to `org.seleniumhq.selenium:selenium-devtools-v86:4.2.1` where the version ("v86") matches the version of the chromium-based browser you're using and the version number of the artifact is the same as Selenium's.
2022-11-13 09:55:03.835  WARN 17420 --- [TestNG-PoolService-4] o.o.selenium.chromium.ChromiumDriver     : Unable to find version of CDP to use for . You may need to include a dependency on a specific version of the CDP using something similar to `org.seleniumhq.selenium:selenium-devtools-v86:4.2.1` where the version ("v86") matches the version of the chromium-based browser you're using and the version number of the artifact is the same as Selenium's.
2022-11-13 09:55:03.835  WARN 17420 --- [TestNG-PoolService-0] o.o.selenium.chromium.ChromiumDriver     : Unable to find version of CDP to use for . You may need to include a dependency on a specific version of the CDP using something similar to `org.seleniumhq.selenium:selenium-devtools-v86:4.2.1` where the version ("v86") matches the version of the chromium-based browser you're using and the version number of the artifact is the same as Selenium's.
2022-11-13 09:55:03.836  INFO 17420 --- [TestNG-PoolService-1] o.o.selenium.devtools.CdpVersionFinder   : Unable to find CDP implementation matching 107.
2022-11-13 09:55:03.837  WARN 17420 --- [TestNG-PoolService-1] o.o.selenium.chromium.ChromiumDriver     : Unable to find version of CDP to use for . You may need to include a dependency on a specific version of the CDP using something similar to `org.seleniumhq.selenium:selenium-devtools-v86:4.2.1` where the version ("v86") matches the version of the chromium-based browser you're using and the version number of the artifact is the same as Selenium's.
2022-11-13 09:55:03.833  WARN 17420 --- [TestNG-PoolService-2] o.o.selenium.devtools.CdpVersionFinder   : Unable to find an exact match for CDP version 107, so returning the closest version found: a no-op implementation
2022-11-13 09:55:03.838  INFO 17420 --- [TestNG-PoolService-2] o.o.selenium.devtools.CdpVersionFinder   : Unable to find CDP implementation matching 107.
2022-11-13 09:55:03.838  WARN 17420 --- [TestNG-PoolService-2] o.o.selenium.chromium.ChromiumDriver     : Unable to find version of CDP to use for . You may need to include a dependency on a specific version of the CDP using something similar to `org.seleniumhq.selenium:selenium-devtools-v86:4.2.1` where the version ("v86") matches the version of the chromium-based browser you're using and the version number of the artifact is the same as Selenium's.
2022-11-13 09:55:03.856  WARN 17420 --- [TestNG-PoolService-3] o.o.selenium.chromium.ChromiumDriver     : Unable to find version of CDP to use for . You may need to include a dependency on a specific version of the CDP using something similar to `org.seleniumhq.selenium:selenium-devtools-v86:4.2.1` where the version ("v86") matches the version of the chromium-based browser you're using and the version number of the artifact is the same as Selenium's.
2022-11-13 09:55:10.573  INFO 17420 --- [TestNG-PoolService-3] c.u.s.s.page.visa.VisaRegistrationPage   : Getting names : Kraig
2022-11-13 09:55:11.515  INFO 17420 --- [TestNG-PoolService-5] c.u.s.s.page.visa.VisaRegistrationPage   : Getting names : Ruthie
2022-11-13 09:55:12.395  INFO 17420 --- [TestNG-PoolService-4] c.u.s.s.page.visa.VisaRegistrationPage   : Getting names : Houston
2022-11-13 09:55:16.324  INFO 17420 --- [TestNG-PoolService-0] .b.t.c.SpringBootTestContextBootstrapper : Neither @ContextConfiguration nor @ContextHierarchy found for test class [com.udemy.spring.springselenium.bdd.GoogleSteps], using SpringBootContextLoader
2022-11-13 09:55:16.325  INFO 17420 --- [TestNG-PoolService-0] o.s.t.c.support.AbstractContextLoader    : Could not detect default resource locations for test class [com.udemy.spring.springselenium.bdd.GoogleSteps]: no resource found for suffixes {-context.xml, Context.groovy}.
2022-11-13 09:55:16.325  INFO 17420 --- [TestNG-PoolService-0] t.c.s.AnnotationConfigContextLoaderUtils : Could not detect default configuration classes for test class [com.udemy.spring.springselenium.bdd.GoogleSteps]: GoogleSteps does not declare any static, non-private, non-final, nested classes annotated with @Configuration.
2022-11-13 09:55:16.335  INFO 17420 --- [TestNG-PoolService-0] .b.t.c.SpringBootTestContextBootstrapper : Found @SpringBootConfiguration com.udemy.spring.springselenium.SpringSeleniumApplication for test class com.udemy.spring.springselenium.bdd.GoogleSteps
2022-11-13 09:55:16.338  INFO 17420 --- [TestNG-PoolService-0] .b.t.c.SpringBootTestContextBootstrapper : Loaded default TestExecutionListener class names from location [META-INF/spring.factories]: [org.springframework.boot.test.mock.mockito.MockitoTestExecutionListener, org.springframework.boot.test.mock.mockito.ResetMocksTestExecutionListener, org.springframework.boot.test.autoconfigure.restdocs.RestDocsTestExecutionListener, org.springframework.boot.test.autoconfigure.web.client.MockRestServiceServerResetTestExecutionListener, org.springframework.boot.test.autoconfigure.web.servlet.MockMvcPrintOnlyOnFailureTestExecutionListener, org.springframework.boot.test.autoconfigure.web.servlet.WebDriverTestExecutionListener, org.springframework.boot.test.autoconfigure.webservices.client.MockWebServiceServerTestExecutionListener, org.springframework.test.context.web.ServletTestExecutionListener, org.springframework.test.context.support.DirtiesContextBeforeModesTestExecutionListener, org.springframework.test.context.event.ApplicationEventsTestExecutionListener, org.springframework.test.context.support.DependencyInjectionTestExecutionListener, org.springframework.test.context.support.DirtiesContextTestExecutionListener, org.springframework.test.context.transaction.TransactionalTestExecutionListener, org.springframework.test.context.jdbc.SqlScriptsTestExecutionListener, org.springframework.test.context.event.EventPublishingTestExecutionListener]
2022-11-13 09:55:16.342  INFO 17420 --- [TestNG-PoolService-0] .b.t.c.SpringBootTestContextBootstrapper : Using TestExecutionListeners: [org.springframework.test.context.support.DirtiesContextBeforeModesTestExecutionListener@a6279dc, org.springframework.test.context.event.ApplicationEventsTestExecutionListener@300a1e2e, org.springframework.boot.test.mock.mockito.MockitoTestExecutionListener@6f07e768, org.springframework.boot.test.autoconfigure.SpringBootDependencyInjectionTestExecutionListener@62385cb1, org.springframework.test.context.support.DirtiesContextTestExecutionListener@7b8d65b3, org.springframework.test.context.transaction.TransactionalTestExecutionListener@1b96ff82, org.springframework.test.context.jdbc.SqlScriptsTestExecutionListener@4b7a773f, org.springframework.test.context.event.EventPublishingTestExecutionListener@6b077735, org.springframework.boot.test.mock.mockito.ResetMocksTestExecutionListener@7bb7371b, org.springframework.boot.test.autoconfigure.restdocs.RestDocsTestExecutionListener@57f1ad00, org.springframework.boot.test.autoconfigure.web.client.MockRestServiceServerResetTestExecutionListener@4faafb4e, org.springframework.boot.test.autoconfigure.web.servlet.MockMvcPrintOnlyOnFailureTestExecutionListener@1fc49351, org.springframework.boot.test.autoconfigure.web.servlet.WebDriverTestExecutionListener@5d89605d, org.springframework.boot.test.autoconfigure.webservices.client.MockWebServiceServerTestExecutionListener@74a4f41]
2022-11-13 09:55:16.428  INFO 17420 --- [TestNG-PoolService-0] i.g.bonigarcia.wdm.WebDriverManager      : Using chromedriver 107.0.5304.62 (resolved driver for Chrome 107)
2022-11-13 09:55:16.458  INFO 17420 --- [TestNG-PoolService-0] i.g.bonigarcia.wdm.WebDriverManager      : Exporting webdriver.chrome.driver as C:\Users\nagoo\.cache\selenium\chromedriver\win32\107.0.5304.62\chromedriver.exe
2022-11-13 09:55:17.813  INFO 17420 --- [Forwarding newSession on session null to remote] o.o.selenium.remote.ProtocolHandshake    : Detected upstream dialect: W3C
2022-11-13 09:55:17.833  WARN 17420 --- [TestNG-PoolService-0] o.o.selenium.devtools.CdpVersionFinder   : Unable to find an exact match for CDP version 107, so returning the closest version found: a no-op implementation
2022-11-13 09:55:17.833  INFO 17420 --- [TestNG-PoolService-0] o.o.selenium.devtools.CdpVersionFinder   : Unable to find CDP implementation matching 107.
2022-11-13 09:55:17.833  WARN 17420 --- [TestNG-PoolService-0] o.o.selenium.chromium.ChromiumDriver     : Unable to find version of CDP to use for . You may need to include a dependency on a specific version of the CDP using something similar to `org.seleniumhq.selenium:selenium-devtools-v86:4.2.1` where the version ("v86") matches the version of the chromium-based browser you're using and the version number of the artifact is the same as Selenium's.
2022-11-13 09:55:22.466  INFO 17420 --- [TestNG-PoolService-0] c.u.s.s.page.visa.VisaRegistrationPage   : Getting names : Shonna
2022-11-13 09:55:26.788  INFO 17420 --- [main] tech.grasshopper.pdf.PDFCucumberReport   : PDF report configuration YAML file not found. Using default settings.
2022-11-13 09:55:34.967 ERROR 17420 --- [main] org.testng.reporters.jq.Main             : D:\spring-selenium\spring-selenium2\target\surefire-reports\jquery-3.6.0.min.js

java.nio.file.FileAlreadyExistsException: D:\spring-selenium\spring-selenium2\target\surefire-reports\jquery-3.6.0.min.js
	at java.base/sun.nio.fs.WindowsException.translateToIOException(WindowsException.java:87) ~[na:na]
	at java.base/sun.nio.fs.WindowsException.rethrowAsIOException(WindowsException.java:103) ~[na:na]
	at java.base/sun.nio.fs.WindowsException.rethrowAsIOException(WindowsException.java:108) ~[na:na]
	at java.base/sun.nio.fs.WindowsFileSystemProvider.newByteChannel(WindowsFileSystemProvider.java:235) ~[na:na]
	at java.base/java.nio.file.spi.FileSystemProvider.newOutputStream(FileSystemProvider.java:478) ~[na:na]
	at java.base/java.nio.file.Files.newOutputStream(Files.java:224) ~[na:na]
	at java.base/java.nio.file.Files.copy(Files.java:3144) ~[na:na]
	at org.testng.reporters.jq.Main.generateReport(Main.java:93) ~[testng-7.6.0.jar:7.6.0]
	at org.testng.TestNG.generateReports(TestNG.java:1134) ~[testng-7.6.0.jar:7.6.0]
	at org.testng.TestNG.run(TestNG.java:1072) ~[testng-7.6.0.jar:7.6.0]
	at org.apache.maven.surefire.testng.TestNGExecutor.run(TestNGExecutor.java:135) ~[surefire-testng-2.22.2.jar:2.22.2]
	at org.apache.maven.surefire.testng.TestNGDirectoryTestSuite.executeSingleClass(TestNGDirectoryTestSuite.java:112) ~[surefire-testng-2.22.2.jar:2.22.2]
	at org.apache.maven.surefire.testng.TestNGDirectoryTestSuite.execute(TestNGDirectoryTestSuite.java:99) ~[surefire-testng-2.22.2.jar:2.22.2]
	at org.apache.maven.surefire.testng.TestNGProvider.invoke(TestNGProvider.java:146) ~[surefire-testng-2.22.2.jar:2.22.2]
	at org.apache.maven.surefire.booter.ForkedBooter.invokeProviderInSameClassLoader(ForkedBooter.java:384) ~[surefire-booter-2.22.2.jar:2.22.2]
	at org.apache.maven.surefire.booter.ForkedBooter.runSuitesInProcess(ForkedBooter.java:345) ~[surefire-booter-2.22.2.jar:2.22.2]
	at org.apache.maven.surefire.booter.ForkedBooter.execute(ForkedBooter.java:126) ~[surefire-booter-2.22.2.jar:2.22.2]
	at org.apache.maven.surefire.booter.ForkedBooter.main(ForkedBooter.java:418) ~[surefire-booter-2.22.2.jar:2.22.2]

2022-11-13 09:55:34.999  INFO 17420 --- [SpringApplicationShutdownHook] j.LocalContainerEntityManagerFactoryBean : Closing JPA EntityManagerFactory for persistence unit 'default'
2022-11-13 09:55:35.000  INFO 17420 --- [SpringApplicationShutdownHook] .SchemaDropperImpl$DelayedDropActionImpl : HHH000477: Starting delayed evictData of schema as part of SessionFactory shut-down'
2022-11-13 09:55:35.002  INFO 17420 --- [SpringApplicationShutdownHook] com.zaxxer.hikari.HikariDataSource       : HikariPool-1 - Shutdown initiated...
2022-11-13 09:55:35.004  INFO 17420 --- [SpringApplicationShutdownHook] com.zaxxer.hikari.HikariDataSource       : HikariPool-1 - Shutdown completed.
2022-11-13 10:06:12.464  INFO 17812 --- [TestNG-PoolService-1] c.u.s.springselenium.bdd.GoogleSteps     : Starting GoogleSteps using Java 15.0.2 on LAPTOP-KI3RUAKE with PID 17812 (D:\spring-selenium\spring-selenium1\target\test-classes started by nagoo in D:\spring-selenium\spring-selenium1)
2022-11-13 10:06:12.465  INFO 17812 --- [TestNG-PoolService-1] c.u.s.springselenium.bdd.GoogleSteps     : No active profile set, falling back to 1 default profile: "default"
2022-11-13 10:06:12.911  INFO 17812 --- [TestNG-PoolService-1] .s.d.r.c.RepositoryConfigurationDelegate : Bootstrapping Spring Data JPA repositories in DEFAULT mode.
2022-11-13 10:06:12.985  INFO 17812 --- [TestNG-PoolService-1] .s.d.r.c.RepositoryConfigurationDelegate : Finished Spring Data repository scanning in 64 ms. Found 1 JPA repository interfaces.
2022-11-13 10:06:13.490  INFO 17812 --- [TestNG-PoolService-1] com.zaxxer.hikari.HikariDataSource       : HikariPool-1 - Starting...
2022-11-13 10:06:13.692  INFO 17812 --- [TestNG-PoolService-1] com.zaxxer.hikari.HikariDataSource       : HikariPool-1 - Start completed.
2022-11-13 10:06:13.894  INFO 17812 --- [TestNG-PoolService-1] o.hibernate.jpa.internal.util.LogHelper  : HHH000204: Processing PersistenceUnitInfo [name: default]
2022-11-13 10:06:13.941  INFO 17812 --- [TestNG-PoolService-1] org.hibernate.Version                    : HHH000412: Hibernate ORM core version 5.6.12.Final
2022-11-13 10:06:14.091  INFO 17812 --- [TestNG-PoolService-1] o.hibernate.annotations.common.Version   : HCANN000001: Hibernate Commons Annotations {5.1.2.Final}
2022-11-13 10:06:14.258  INFO 17812 --- [TestNG-PoolService-1] org.hibernate.dialect.Dialect            : HHH000400: Using dialect: org.hibernate.dialect.H2Dialect
2022-11-13 10:06:14.660  INFO 17812 --- [TestNG-PoolService-1] o.h.e.t.j.p.i.JtaPlatformInitiator       : HHH000490: Using JtaPlatform implementation: [org.hibernate.engine.transaction.jta.platform.internal.NoJtaPlatform]
2022-11-13 10:06:14.666  INFO 17812 --- [TestNG-PoolService-1] j.LocalContainerEntityManagerFactoryBean : Initialized JPA EntityManagerFactory for persistence unit 'default'
2022-11-13 10:06:15.476  INFO 17812 --- [TestNG-PoolService-1] c.u.s.springselenium.bdd.GoogleSteps     : Started GoogleSteps in 3.265 seconds (JVM running for 5.007)
2022-11-13 10:06:16.207  INFO 17812 --- [TestNG-PoolService-2] i.g.bonigarcia.wdm.WebDriverManager      : Using chromedriver 107.0.5304.62 (resolved driver for Chrome 107)
2022-11-13 10:06:16.207  INFO 17812 --- [TestNG-PoolService-4] i.g.bonigarcia.wdm.WebDriverManager      : Using chromedriver 107.0.5304.62 (resolved driver for Chrome 107)
2022-11-13 10:06:16.207  INFO 17812 --- [TestNG-PoolService-3] i.g.bonigarcia.wdm.WebDriverManager      : Using chromedriver 107.0.5304.62 (resolved driver for Chrome 107)
2022-11-13 10:06:16.207  INFO 17812 --- [TestNG-PoolService-1] i.g.bonigarcia.wdm.WebDriverManager      : Using chromedriver 107.0.5304.62 (resolved driver for Chrome 107)
2022-11-13 10:06:16.207  INFO 17812 --- [TestNG-PoolService-5] i.g.bonigarcia.wdm.WebDriverManager      : Using chromedriver 107.0.5304.62 (resolved driver for Chrome 107)
2022-11-13 10:06:16.207  INFO 17812 --- [TestNG-PoolService-0] i.g.bonigarcia.wdm.WebDriverManager      : Using chromedriver 107.0.5304.62 (resolved driver for Chrome 107)
2022-11-13 10:06:16.230  INFO 17812 --- [TestNG-PoolService-1] i.g.bonigarcia.wdm.WebDriverManager      : Exporting webdriver.chrome.driver as C:\Users\nagoo\.cache\selenium\chromedriver\win32\107.0.5304.62\chromedriver.exe
2022-11-13 10:06:16.230  INFO 17812 --- [TestNG-PoolService-5] i.g.bonigarcia.wdm.WebDriverManager      : Exporting webdriver.chrome.driver as C:\Users\nagoo\.cache\selenium\chromedriver\win32\107.0.5304.62\chromedriver.exe
2022-11-13 10:06:16.230  INFO 17812 --- [TestNG-PoolService-3] i.g.bonigarcia.wdm.WebDriverManager      : Exporting webdriver.chrome.driver as C:\Users\nagoo\.cache\selenium\chromedriver\win32\107.0.5304.62\chromedriver.exe
2022-11-13 10:06:16.230  INFO 17812 --- [TestNG-PoolService-4] i.g.bonigarcia.wdm.WebDriverManager      : Exporting webdriver.chrome.driver as C:\Users\nagoo\.cache\selenium\chromedriver\win32\107.0.5304.62\chromedriver.exe
2022-11-13 10:06:16.230  INFO 17812 --- [TestNG-PoolService-2] i.g.bonigarcia.wdm.WebDriverManager      : Exporting webdriver.chrome.driver as C:\Users\nagoo\.cache\selenium\chromedriver\win32\107.0.5304.62\chromedriver.exe
2022-11-13 10:06:16.231  INFO 17812 --- [TestNG-PoolService-0] i.g.bonigarcia.wdm.WebDriverManager      : Exporting webdriver.chrome.driver as C:\Users\nagoo\.cache\selenium\chromedriver\win32\107.0.5304.62\chromedriver.exe
2022-11-13 10:06:19.734  INFO 17812 --- [Forwarding newSession on session null to remote] o.o.selenium.remote.ProtocolHandshake    : Detected upstream dialect: W3C
2022-11-13 10:06:19.769  INFO 17812 --- [Forwarding newSession on session null to remote] o.o.selenium.remote.ProtocolHandshake    : Detected upstream dialect: W3C
2022-11-13 10:06:19.781  INFO 17812 --- [Forwarding newSession on session null to remote] o.o.selenium.remote.ProtocolHandshake    : Detected upstream dialect: W3C
2022-11-13 10:06:19.818  INFO 17812 --- [Forwarding newSession on session null to remote] o.o.selenium.remote.ProtocolHandshake    : Detected upstream dialect: W3C
2022-11-13 10:06:19.930  INFO 17812 --- [Forwarding newSession on session null to remote] o.o.selenium.remote.ProtocolHandshake    : Detected upstream dialect: W3C
2022-11-13 10:06:20.027  WARN 17812 --- [TestNG-PoolService-3] o.o.selenium.devtools.CdpVersionFinder   : Unable to find an exact match for CDP version 107, so returning the closest version found: a no-op implementation
2022-11-13 10:06:20.028  WARN 17812 --- [TestNG-PoolService-1] o.o.selenium.devtools.CdpVersionFinder   : Unable to find an exact match for CDP version 107, so returning the closest version found: a no-op implementation
2022-11-13 10:06:20.028  INFO 17812 --- [TestNG-PoolService-3] o.o.selenium.devtools.CdpVersionFinder   : Unable to find CDP implementation matching 107.
2022-11-13 10:06:20.028  INFO 17812 --- [TestNG-PoolService-1] o.o.selenium.devtools.CdpVersionFinder   : Unable to find CDP implementation matching 107.
2022-11-13 10:06:20.029  WARN 17812 --- [TestNG-PoolService-3] o.o.selenium.chromium.ChromiumDriver     : Unable to find version of CDP to use for . You may need to include a dependency on a specific version of the CDP using something similar to `org.seleniumhq.selenium:selenium-devtools-v86:4.2.1` where the version ("v86") matches the version of the chromium-based browser you're using and the version number of the artifact is the same as Selenium's.
2022-11-13 10:06:20.030  WARN 17812 --- [TestNG-PoolService-1] o.o.selenium.chromium.ChromiumDriver     : Unable to find version of CDP to use for . You may need to include a dependency on a specific version of the CDP using something similar to `org.seleniumhq.selenium:selenium-devtools-v86:4.2.1` where the version ("v86") matches the version of the chromium-based browser you're using and the version number of the artifact is the same as Selenium's.
2022-11-13 10:06:20.428  WARN 17812 --- [TestNG-PoolService-5] o.o.selenium.devtools.CdpVersionFinder   : Unable to find an exact match for CDP version 107, so returning the closest version found: a no-op implementation
2022-11-13 10:06:20.432  INFO 17812 --- [TestNG-PoolService-5] o.o.selenium.devtools.CdpVersionFinder   : Unable to find CDP implementation matching 107.
2022-11-13 10:06:20.435  WARN 17812 --- [TestNG-PoolService-5] o.o.selenium.chromium.ChromiumDriver     : Unable to find version of CDP to use for . You may need to include a dependency on a specific version of the CDP using something similar to `org.seleniumhq.selenium:selenium-devtools-v86:4.2.1` where the version ("v86") matches the version of the chromium-based browser you're using and the version number of the artifact is the same as Selenium's.
2022-11-13 10:06:20.451  WARN 17812 --- [TestNG-PoolService-4] o.o.selenium.devtools.CdpVersionFinder   : Unable to find an exact match for CDP version 107, so returning the closest version found: a no-op implementation
2022-11-13 10:06:20.451  INFO 17812 --- [TestNG-PoolService-4] o.o.selenium.devtools.CdpVersionFinder   : Unable to find CDP implementation matching 107.
2022-11-13 10:06:20.451  WARN 17812 --- [TestNG-PoolService-4] o.o.selenium.chromium.ChromiumDriver     : Unable to find version of CDP to use for . You may need to include a dependency on a specific version of the CDP using something similar to `org.seleniumhq.selenium:selenium-devtools-v86:4.2.1` where the version ("v86") matches the version of the chromium-based browser you're using and the version number of the artifact is the same as Selenium's.
2022-11-13 10:06:20.507  WARN 17812 --- [TestNG-PoolService-0] o.o.selenium.devtools.CdpVersionFinder   : Unable to find an exact match for CDP version 107, so returning the closest version found: a no-op implementation
2022-11-13 10:06:20.507  INFO 17812 --- [TestNG-PoolService-0] o.o.selenium.devtools.CdpVersionFinder   : Unable to find CDP implementation matching 107.
2022-11-13 10:06:20.508  WARN 17812 --- [TestNG-PoolService-0] o.o.selenium.chromium.ChromiumDriver     : Unable to find version of CDP to use for . You may need to include a dependency on a specific version of the CDP using something similar to `org.seleniumhq.selenium:selenium-devtools-v86:4.2.1` where the version ("v86") matches the version of the chromium-based browser you're using and the version number of the artifact is the same as Selenium's.
2022-11-13 10:06:20.993  INFO 17812 --- [Forwarding newSession on session null to remote] o.o.selenium.remote.ProtocolHandshake    : Detected upstream dialect: W3C
2022-11-13 10:06:21.030  WARN 17812 --- [TestNG-PoolService-2] o.o.selenium.devtools.CdpVersionFinder   : Unable to find an exact match for CDP version 107, so returning the closest version found: a no-op implementation
2022-11-13 10:06:21.031  INFO 17812 --- [TestNG-PoolService-2] o.o.selenium.devtools.CdpVersionFinder   : Unable to find CDP implementation matching 107.
2022-11-13 10:06:21.031  WARN 17812 --- [TestNG-PoolService-2] o.o.selenium.chromium.ChromiumDriver     : Unable to find version of CDP to use for . You may need to include a dependency on a specific version of the CDP using something similar to `org.seleniumhq.selenium:selenium-devtools-v86:4.2.1` where the version ("v86") matches the version of the chromium-based browser you're using and the version number of the artifact is the same as Selenium's.
2022-11-13 10:06:28.664  INFO 17812 --- [TestNG-PoolService-3] c.u.s.s.page.visa.VisaRegistrationPage   : Getting names : Kraig
2022-11-13 10:06:29.375  INFO 17812 --- [TestNG-PoolService-5] c.u.s.s.page.visa.VisaRegistrationPage   : Getting names : Ruthie
2022-11-13 10:06:29.532  INFO 17812 --- [TestNG-PoolService-4] c.u.s.s.page.visa.VisaRegistrationPage   : Getting names : Houston
2022-11-13 10:06:35.539  WARN 17812 --- [AsyncHttpClient-1-13] o.a.netty.handler.WebSocketHandler       : onError

java.net.SocketException: Connection reset
	at java.base/sun.nio.ch.SocketChannelImpl.throwConnectionReset(SocketChannelImpl.java:367) ~[na:na]
	at java.base/sun.nio.ch.SocketChannelImpl.read(SocketChannelImpl.java:398) ~[na:na]
	at io.netty.buffer.PooledByteBuf.setBytes(PooledByteBuf.java:259) ~[netty-buffer-4.1.84.Final.jar:4.1.84.Final]
	at io.netty.buffer.AbstractByteBuf.writeBytes(AbstractByteBuf.java:1132) ~[netty-buffer-4.1.84.Final.jar:4.1.84.Final]
	at io.netty.channel.socket.nio.NioSocketChannel.doReadBytes(NioSocketChannel.java:357) ~[netty-transport-4.1.84.Final.jar:4.1.84.Final]
	at io.netty.channel.nio.AbstractNioByteChannel$NioByteUnsafe.read(AbstractNioByteChannel.java:151) ~[netty-transport-4.1.84.Final.jar:4.1.84.Final]
	at io.netty.channel.nio.NioEventLoop.processSelectedKey(NioEventLoop.java:788) ~[netty-transport-4.1.84.Final.jar:4.1.84.Final]
	at io.netty.channel.nio.NioEventLoop.processSelectedKeysOptimized(NioEventLoop.java:724) ~[netty-transport-4.1.84.Final.jar:4.1.84.Final]
	at io.netty.channel.nio.NioEventLoop.processSelectedKeys(NioEventLoop.java:650) ~[netty-transport-4.1.84.Final.jar:4.1.84.Final]
	at io.netty.channel.nio.NioEventLoop.run(NioEventLoop.java:562) ~[netty-transport-4.1.84.Final.jar:4.1.84.Final]
	at io.netty.util.concurrent.SingleThreadEventExecutor$4.run(SingleThreadEventExecutor.java:997) ~[netty-common-4.1.84.Final.jar:4.1.84.Final]
	at io.netty.util.internal.ThreadExecutorMap$2.run(ThreadExecutorMap.java:74) ~[netty-common-4.1.84.Final.jar:4.1.84.Final]
	at io.netty.util.concurrent.FastThreadLocalRunnable.run(FastThreadLocalRunnable.java:30) ~[netty-common-4.1.84.Final.jar:4.1.84.Final]
	at java.base/java.lang.Thread.run(Thread.java:832) ~[na:na]

2022-11-13 10:06:35.540  WARN 17812 --- [AsyncHttpClient-1-13] o.openqa.selenium.remote.http.WebSocket  : Connection reset

java.net.SocketException: Connection reset
	at java.base/sun.nio.ch.SocketChannelImpl.throwConnectionReset(SocketChannelImpl.java:367) ~[na:na]
	at java.base/sun.nio.ch.SocketChannelImpl.read(SocketChannelImpl.java:398) ~[na:na]
	at io.netty.buffer.PooledByteBuf.setBytes(PooledByteBuf.java:259) ~[netty-buffer-4.1.84.Final.jar:4.1.84.Final]
	at io.netty.buffer.AbstractByteBuf.writeBytes(AbstractByteBuf.java:1132) ~[netty-buffer-4.1.84.Final.jar:4.1.84.Final]
	at io.netty.channel.socket.nio.NioSocketChannel.doReadBytes(NioSocketChannel.java:357) ~[netty-transport-4.1.84.Final.jar:4.1.84.Final]
	at io.netty.channel.nio.AbstractNioByteChannel$NioByteUnsafe.read(AbstractNioByteChannel.java:151) ~[netty-transport-4.1.84.Final.jar:4.1.84.Final]
	at io.netty.channel.nio.NioEventLoop.processSelectedKey(NioEventLoop.java:788) ~[netty-transport-4.1.84.Final.jar:4.1.84.Final]
	at io.netty.channel.nio.NioEventLoop.processSelectedKeysOptimized(NioEventLoop.java:724) ~[netty-transport-4.1.84.Final.jar:4.1.84.Final]
	at io.netty.channel.nio.NioEventLoop.processSelectedKeys(NioEventLoop.java:650) ~[netty-transport-4.1.84.Final.jar:4.1.84.Final]
	at io.netty.channel.nio.NioEventLoop.run(NioEventLoop.java:562) ~[netty-transport-4.1.84.Final.jar:4.1.84.Final]
	at io.netty.util.concurrent.SingleThreadEventExecutor$4.run(SingleThreadEventExecutor.java:997) ~[netty-common-4.1.84.Final.jar:4.1.84.Final]
	at io.netty.util.internal.ThreadExecutorMap$2.run(ThreadExecutorMap.java:74) ~[netty-common-4.1.84.Final.jar:4.1.84.Final]
	at io.netty.util.concurrent.FastThreadLocalRunnable.run(FastThreadLocalRunnable.java:30) ~[netty-common-4.1.84.Final.jar:4.1.84.Final]
	at java.base/java.lang.Thread.run(Thread.java:832) ~[na:na]

2022-11-13 10:06:36.386  INFO 17812 --- [TestNG-PoolService-3] .b.t.c.SpringBootTestContextBootstrapper : Neither @ContextConfiguration nor @ContextHierarchy found for test class [com.udemy.spring.springselenium.bdd.GoogleSteps], using SpringBootContextLoader
2022-11-13 10:06:36.388  INFO 17812 --- [TestNG-PoolService-3] o.s.t.c.support.AbstractContextLoader    : Could not detect default resource locations for test class [com.udemy.spring.springselenium.bdd.GoogleSteps]: no resource found for suffixes {-context.xml, Context.groovy}.
2022-11-13 10:06:36.390  INFO 17812 --- [TestNG-PoolService-3] t.c.s.AnnotationConfigContextLoaderUtils : Could not detect default configuration classes for test class [com.udemy.spring.springselenium.bdd.GoogleSteps]: GoogleSteps does not declare any static, non-private, non-final, nested classes annotated with @Configuration.
2022-11-13 10:06:36.395  INFO 17812 --- [TestNG-PoolService-3] .b.t.c.SpringBootTestContextBootstrapper : Found @SpringBootConfiguration com.udemy.spring.springselenium.SpringSeleniumApplication for test class com.udemy.spring.springselenium.bdd.GoogleSteps
2022-11-13 10:06:36.398  INFO 17812 --- [TestNG-PoolService-3] .b.t.c.SpringBootTestContextBootstrapper : Loaded default TestExecutionListener class names from location [META-INF/spring.factories]: [org.springframework.boot.test.mock.mockito.MockitoTestExecutionListener, org.springframework.boot.test.mock.mockito.ResetMocksTestExecutionListener, org.springframework.boot.test.autoconfigure.restdocs.RestDocsTestExecutionListener, org.springframework.boot.test.autoconfigure.web.client.MockRestServiceServerResetTestExecutionListener, org.springframework.boot.test.autoconfigure.web.servlet.MockMvcPrintOnlyOnFailureTestExecutionListener, org.springframework.boot.test.autoconfigure.web.servlet.WebDriverTestExecutionListener, org.springframework.boot.test.autoconfigure.webservices.client.MockWebServiceServerTestExecutionListener, org.springframework.test.context.web.ServletTestExecutionListener, org.springframework.test.context.support.DirtiesContextBeforeModesTestExecutionListener, org.springframework.test.context.event.ApplicationEventsTestExecutionListener, org.springframework.test.context.support.DependencyInjectionTestExecutionListener, org.springframework.test.context.support.DirtiesContextTestExecutionListener, org.springframework.test.context.transaction.TransactionalTestExecutionListener, org.springframework.test.context.jdbc.SqlScriptsTestExecutionListener, org.springframework.test.context.event.EventPublishingTestExecutionListener]
2022-11-13 10:06:36.400  INFO 17812 --- [TestNG-PoolService-3] .b.t.c.SpringBootTestContextBootstrapper : Using TestExecutionListeners: [org.springframework.test.context.support.DirtiesContextBeforeModesTestExecutionListener@6e8272c4, org.springframework.test.context.event.ApplicationEventsTestExecutionListener@42b4169e, org.springframework.boot.test.mock.mockito.MockitoTestExecutionListener@5138c342, org.springframework.boot.test.autoconfigure.SpringBootDependencyInjectionTestExecutionListener@39ce9771, org.springframework.test.context.support.DirtiesContextTestExecutionListener@44a7c6de, org.springframework.test.context.transaction.TransactionalTestExecutionListener@26453832, org.springframework.test.context.jdbc.SqlScriptsTestExecutionListener@31f0cd6b, org.springframework.test.context.event.EventPublishingTestExecutionListener@7c48b13b, org.springframework.boot.test.mock.mockito.ResetMocksTestExecutionListener@623195a, org.springframework.boot.test.autoconfigure.restdocs.RestDocsTestExecutionListener@9a82504, org.springframework.boot.test.autoconfigure.web.client.MockRestServiceServerResetTestExecutionListener@3e043acf, org.springframework.boot.test.autoconfigure.web.servlet.MockMvcPrintOnlyOnFailureTestExecutionListener@7fc855d, org.springframework.boot.test.autoconfigure.web.servlet.WebDriverTestExecutionListener@198bb531, org.springframework.boot.test.autoconfigure.webservices.client.MockWebServiceServerTestExecutionListener@51c33301]
2022-11-13 10:06:36.485  INFO 17812 --- [TestNG-PoolService-3] i.g.bonigarcia.wdm.WebDriverManager      : Using chromedriver 107.0.5304.62 (resolved driver for Chrome 107)
2022-11-13 10:06:36.493  INFO 17812 --- [TestNG-PoolService-3] i.g.bonigarcia.wdm.WebDriverManager      : Exporting webdriver.chrome.driver as C:\Users\nagoo\.cache\selenium\chromedriver\win32\107.0.5304.62\chromedriver.exe
2022-11-13 10:06:37.809  INFO 17812 --- [Forwarding newSession on session null to remote] o.o.selenium.remote.ProtocolHandshake    : Detected upstream dialect: W3C
2022-11-13 10:06:37.818  WARN 17812 --- [TestNG-PoolService-3] o.o.selenium.devtools.CdpVersionFinder   : Unable to find an exact match for CDP version 107, so returning the closest version found: a no-op implementation
2022-11-13 10:06:37.819  INFO 17812 --- [TestNG-PoolService-3] o.o.selenium.devtools.CdpVersionFinder   : Unable to find CDP implementation matching 107.
2022-11-13 10:06:37.819  WARN 17812 --- [TestNG-PoolService-3] o.o.selenium.chromium.ChromiumDriver     : Unable to find version of CDP to use for . You may need to include a dependency on a specific version of the CDP using something similar to `org.seleniumhq.selenium:selenium-devtools-v86:4.2.1` where the version ("v86") matches the version of the chromium-based browser you're using and the version number of the artifact is the same as Selenium's.
2022-11-13 10:06:41.508  INFO 17812 --- [TestNG-PoolService-3] c.u.s.s.page.visa.VisaRegistrationPage   : Getting names : Shonna
2022-11-13 10:06:45.537  INFO 17812 --- [main] tech.grasshopper.pdf.PDFCucumberReport   : PDF report configuration YAML file not found. Using default settings.
2022-11-13 10:06:53.428 ERROR 17812 --- [main] org.testng.reporters.jq.Main             : D:\spring-selenium\spring-selenium1\target\surefire-reports\jquery-3.6.0.min.js

java.nio.file.FileAlreadyExistsException: D:\spring-selenium\spring-selenium1\target\surefire-reports\jquery-3.6.0.min.js
	at java.base/sun.nio.fs.WindowsException.translateToIOException(WindowsException.java:87) ~[na:na]
	at java.base/sun.nio.fs.WindowsException.rethrowAsIOException(WindowsException.java:103) ~[na:na]
	at java.base/sun.nio.fs.WindowsException.rethrowAsIOException(WindowsException.java:108) ~[na:na]
	at java.base/sun.nio.fs.WindowsFileSystemProvider.newByteChannel(WindowsFileSystemProvider.java:235) ~[na:na]
	at java.base/java.nio.file.spi.FileSystemProvider.newOutputStream(FileSystemProvider.java:478) ~[na:na]
	at java.base/java.nio.file.Files.newOutputStream(Files.java:224) ~[na:na]
	at java.base/java.nio.file.Files.copy(Files.java:3144) ~[na:na]
	at org.testng.reporters.jq.Main.generateReport(Main.java:93) ~[testng-7.6.0.jar:7.6.0]
	at org.testng.TestNG.generateReports(TestNG.java:1134) ~[testng-7.6.0.jar:7.6.0]
	at org.testng.TestNG.run(TestNG.java:1072) ~[testng-7.6.0.jar:7.6.0]
	at org.apache.maven.surefire.testng.TestNGExecutor.run(TestNGExecutor.java:135) ~[surefire-testng-2.22.2.jar:2.22.2]
	at org.apache.maven.surefire.testng.TestNGDirectoryTestSuite.executeSingleClass(TestNGDirectoryTestSuite.java:112) ~[surefire-testng-2.22.2.jar:2.22.2]
	at org.apache.maven.surefire.testng.TestNGDirectoryTestSuite.execute(TestNGDirectoryTestSuite.java:99) ~[surefire-testng-2.22.2.jar:2.22.2]
	at org.apache.maven.surefire.testng.TestNGProvider.invoke(TestNGProvider.java:146) ~[surefire-testng-2.22.2.jar:2.22.2]
	at org.apache.maven.surefire.booter.ForkedBooter.invokeProviderInSameClassLoader(ForkedBooter.java:384) ~[surefire-booter-2.22.2.jar:2.22.2]
	at org.apache.maven.surefire.booter.ForkedBooter.runSuitesInProcess(ForkedBooter.java:345) ~[surefire-booter-2.22.2.jar:2.22.2]
	at org.apache.maven.surefire.booter.ForkedBooter.execute(ForkedBooter.java:126) ~[surefire-booter-2.22.2.jar:2.22.2]
	at org.apache.maven.surefire.booter.ForkedBooter.main(ForkedBooter.java:418) ~[surefire-booter-2.22.2.jar:2.22.2]

2022-11-13 10:06:53.512  INFO 17812 --- [SpringApplicationShutdownHook] j.LocalContainerEntityManagerFactoryBean : Closing JPA EntityManagerFactory for persistence unit 'default'
2022-11-13 10:06:53.513  INFO 17812 --- [SpringApplicationShutdownHook] .SchemaDropperImpl$DelayedDropActionImpl : HHH000477: Starting delayed evictData of schema as part of SessionFactory shut-down'
2022-11-13 10:06:53.518  INFO 17812 --- [SpringApplicationShutdownHook] com.zaxxer.hikari.HikariDataSource       : HikariPool-1 - Shutdown initiated...
2022-11-13 10:06:53.521  INFO 17812 --- [SpringApplicationShutdownHook] com.zaxxer.hikari.HikariDataSource       : HikariPool-1 - Shutdown completed.
2022-11-13 10:06:57.209  INFO 7556 --- [TestNG-PoolService-3] c.u.s.springselenium.bdd.GoogleSteps     : Starting GoogleSteps using Java 15.0.2 on LAPTOP-KI3RUAKE with PID 7556 (D:\spring-selenium\spring-selenium2\target\test-classes started by nagoo in D:\spring-selenium\spring-selenium2)
2022-11-13 10:06:57.211  INFO 7556 --- [TestNG-PoolService-3] c.u.s.springselenium.bdd.GoogleSteps     : No active profile set, falling back to 1 default profile: "default"
2022-11-13 10:06:57.694  INFO 7556 --- [TestNG-PoolService-3] .s.d.r.c.RepositoryConfigurationDelegate : Bootstrapping Spring Data JPA repositories in DEFAULT mode.
2022-11-13 10:06:57.779  INFO 7556 --- [TestNG-PoolService-3] .s.d.r.c.RepositoryConfigurationDelegate : Finished Spring Data repository scanning in 75 ms. Found 1 JPA repository interfaces.
2022-11-13 10:06:58.313  INFO 7556 --- [TestNG-PoolService-3] com.zaxxer.hikari.HikariDataSource       : HikariPool-1 - Starting...
2022-11-13 10:06:58.762  INFO 7556 --- [TestNG-PoolService-3] com.zaxxer.hikari.HikariDataSource       : HikariPool-1 - Start completed.
2022-11-13 10:06:59.024  INFO 7556 --- [TestNG-PoolService-3] o.hibernate.jpa.internal.util.LogHelper  : HHH000204: Processing PersistenceUnitInfo [name: default]
2022-11-13 10:06:59.114  INFO 7556 --- [TestNG-PoolService-3] org.hibernate.Version                    : HHH000412: Hibernate ORM core version 5.6.12.Final
2022-11-13 10:06:59.312  INFO 7556 --- [TestNG-PoolService-3] o.hibernate.annotations.common.Version   : HCANN000001: Hibernate Commons Annotations {5.1.2.Final}
2022-11-13 10:06:59.427  INFO 7556 --- [TestNG-PoolService-3] org.hibernate.dialect.Dialect            : HHH000400: Using dialect: org.hibernate.dialect.H2Dialect
2022-11-13 10:06:59.958  INFO 7556 --- [TestNG-PoolService-3] o.h.e.t.j.p.i.JtaPlatformInitiator       : HHH000490: Using JtaPlatform implementation: [org.hibernate.engine.transaction.jta.platform.internal.NoJtaPlatform]
2022-11-13 10:06:59.964  INFO 7556 --- [TestNG-PoolService-3] j.LocalContainerEntityManagerFactoryBean : Initialized JPA EntityManagerFactory for persistence unit 'default'
2022-11-13 10:07:00.722  INFO 7556 --- [TestNG-PoolService-3] c.u.s.springselenium.bdd.GoogleSteps     : Started GoogleSteps in 3.779 seconds (JVM running for 5.611)
2022-11-13 10:07:01.471  INFO 7556 --- [TestNG-PoolService-1] i.g.bonigarcia.wdm.WebDriverManager      : Using chromedriver 107.0.5304.62 (resolved driver for Chrome 107)
2022-11-13 10:07:01.471  INFO 7556 --- [TestNG-PoolService-4] i.g.bonigarcia.wdm.WebDriverManager      : Using chromedriver 107.0.5304.62 (resolved driver for Chrome 107)
2022-11-13 10:07:01.471  INFO 7556 --- [TestNG-PoolService-3] i.g.bonigarcia.wdm.WebDriverManager      : Using chromedriver 107.0.5304.62 (resolved driver for Chrome 107)
2022-11-13 10:07:01.471  INFO 7556 --- [TestNG-PoolService-2] i.g.bonigarcia.wdm.WebDriverManager      : Using chromedriver 107.0.5304.62 (resolved driver for Chrome 107)
2022-11-13 10:07:01.471  INFO 7556 --- [TestNG-PoolService-5] i.g.bonigarcia.wdm.WebDriverManager      : Using chromedriver 107.0.5304.62 (resolved driver for Chrome 107)
2022-11-13 10:07:01.471  INFO 7556 --- [TestNG-PoolService-0] i.g.bonigarcia.wdm.WebDriverManager      : Using chromedriver 107.0.5304.62 (resolved driver for Chrome 107)
2022-11-13 10:07:01.493  INFO 7556 --- [TestNG-PoolService-5] i.g.bonigarcia.wdm.WebDriverManager      : Exporting webdriver.chrome.driver as C:\Users\nagoo\.cache\selenium\chromedriver\win32\107.0.5304.62\chromedriver.exe
2022-11-13 10:07:01.493  INFO 7556 --- [TestNG-PoolService-2] i.g.bonigarcia.wdm.WebDriverManager      : Exporting webdriver.chrome.driver as C:\Users\nagoo\.cache\selenium\chromedriver\win32\107.0.5304.62\chromedriver.exe
2022-11-13 10:07:01.493  INFO 7556 --- [TestNG-PoolService-3] i.g.bonigarcia.wdm.WebDriverManager      : Exporting webdriver.chrome.driver as C:\Users\nagoo\.cache\selenium\chromedriver\win32\107.0.5304.62\chromedriver.exe
2022-11-13 10:07:01.493  INFO 7556 --- [TestNG-PoolService-1] i.g.bonigarcia.wdm.WebDriverManager      : Exporting webdriver.chrome.driver as C:\Users\nagoo\.cache\selenium\chromedriver\win32\107.0.5304.62\chromedriver.exe
2022-11-13 10:07:01.493  INFO 7556 --- [TestNG-PoolService-4] i.g.bonigarcia.wdm.WebDriverManager      : Exporting webdriver.chrome.driver as C:\Users\nagoo\.cache\selenium\chromedriver\win32\107.0.5304.62\chromedriver.exe
2022-11-13 10:07:01.494  INFO 7556 --- [TestNG-PoolService-0] i.g.bonigarcia.wdm.WebDriverManager      : Exporting webdriver.chrome.driver as C:\Users\nagoo\.cache\selenium\chromedriver\win32\107.0.5304.62\chromedriver.exe
2022-11-13 10:07:04.897  INFO 7556 --- [Forwarding newSession on session null to remote] o.o.selenium.remote.ProtocolHandshake    : Detected upstream dialect: W3C
2022-11-13 10:07:04.897  INFO 7556 --- [Forwarding newSession on session null to remote] o.o.selenium.remote.ProtocolHandshake    : Detected upstream dialect: W3C
2022-11-13 10:07:04.902  INFO 7556 --- [Forwarding newSession on session null to remote] o.o.selenium.remote.ProtocolHandshake    : Detected upstream dialect: W3C
2022-11-13 10:07:05.553  WARN 7556 --- [TestNG-PoolService-1] o.o.selenium.devtools.CdpVersionFinder   : Unable to find an exact match for CDP version 107, so returning the closest version found: a no-op implementation
2022-11-13 10:07:05.554  WARN 7556 --- [TestNG-PoolService-3] o.o.selenium.devtools.CdpVersionFinder   : Unable to find an exact match for CDP version 107, so returning the closest version found: a no-op implementation
2022-11-13 10:07:05.556  INFO 7556 --- [TestNG-PoolService-3] o.o.selenium.devtools.CdpVersionFinder   : Unable to find CDP implementation matching 107.
2022-11-13 10:07:05.556  WARN 7556 --- [TestNG-PoolService-4] o.o.selenium.devtools.CdpVersionFinder   : Unable to find an exact match for CDP version 107, so returning the closest version found: a no-op implementation
2022-11-13 10:07:05.559  INFO 7556 --- [TestNG-PoolService-4] o.o.selenium.devtools.CdpVersionFinder   : Unable to find CDP implementation matching 107.
2022-11-13 10:07:05.556  INFO 7556 --- [TestNG-PoolService-1] o.o.selenium.devtools.CdpVersionFinder   : Unable to find CDP implementation matching 107.
2022-11-13 10:07:05.564  WARN 7556 --- [TestNG-PoolService-1] o.o.selenium.chromium.ChromiumDriver     : Unable to find version of CDP to use for . You may need to include a dependency on a specific version of the CDP using something similar to `org.seleniumhq.selenium:selenium-devtools-v86:4.2.1` where the version ("v86") matches the version of the chromium-based browser you're using and the version number of the artifact is the same as Selenium's.
2022-11-13 10:07:05.562  WARN 7556 --- [TestNG-PoolService-3] o.o.selenium.chromium.ChromiumDriver     : Unable to find version of CDP to use for . You may need to include a dependency on a specific version of the CDP using something similar to `org.seleniumhq.selenium:selenium-devtools-v86:4.2.1` where the version ("v86") matches the version of the chromium-based browser you're using and the version number of the artifact is the same as Selenium's.
2022-11-13 10:07:05.562  WARN 7556 --- [TestNG-PoolService-4] o.o.selenium.chromium.ChromiumDriver     : Unable to find version of CDP to use for . You may need to include a dependency on a specific version of the CDP using something similar to `org.seleniumhq.selenium:selenium-devtools-v86:4.2.1` where the version ("v86") matches the version of the chromium-based browser you're using and the version number of the artifact is the same as Selenium's.
2022-11-13 10:07:05.764  INFO 7556 --- [Forwarding newSession on session null to remote] o.o.selenium.remote.ProtocolHandshake    : Detected upstream dialect: W3C
2022-11-13 10:07:05.844  INFO 7556 --- [Forwarding newSession on session null to remote] o.o.selenium.remote.ProtocolHandshake    : Detected upstream dialect: W3C
2022-11-13 10:07:05.998  INFO 7556 --- [Forwarding newSession on session null to remote] o.o.selenium.remote.ProtocolHandshake    : Detected upstream dialect: W3C
2022-11-13 10:07:06.019  WARN 7556 --- [TestNG-PoolService-5] o.o.selenium.devtools.CdpVersionFinder   : Unable to find an exact match for CDP version 107, so returning the closest version found: a no-op implementation
2022-11-13 10:07:06.021  INFO 7556 --- [TestNG-PoolService-5] o.o.selenium.devtools.CdpVersionFinder   : Unable to find CDP implementation matching 107.
2022-11-13 10:07:06.021  WARN 7556 --- [TestNG-PoolService-5] o.o.selenium.chromium.ChromiumDriver     : Unable to find version of CDP to use for . You may need to include a dependency on a specific version of the CDP using something similar to `org.seleniumhq.selenium:selenium-devtools-v86:4.2.1` where the version ("v86") matches the version of the chromium-based browser you're using and the version number of the artifact is the same as Selenium's.
2022-11-13 10:07:06.030  WARN 7556 --- [TestNG-PoolService-2] o.o.selenium.devtools.CdpVersionFinder   : Unable to find an exact match for CDP version 107, so returning the closest version found: a no-op implementation
2022-11-13 10:07:06.030  INFO 7556 --- [TestNG-PoolService-2] o.o.selenium.devtools.CdpVersionFinder   : Unable to find CDP implementation matching 107.
2022-11-13 10:07:06.030  WARN 7556 --- [TestNG-PoolService-2] o.o.selenium.chromium.ChromiumDriver     : Unable to find version of CDP to use for . You may need to include a dependency on a specific version of the CDP using something similar to `org.seleniumhq.selenium:selenium-devtools-v86:4.2.1` where the version ("v86") matches the version of the chromium-based browser you're using and the version number of the artifact is the same as Selenium's.
2022-11-13 10:07:06.030  WARN 7556 --- [TestNG-PoolService-0] o.o.selenium.devtools.CdpVersionFinder   : Unable to find an exact match for CDP version 107, so returning the closest version found: a no-op implementation
2022-11-13 10:07:06.045  INFO 7556 --- [TestNG-PoolService-0] o.o.selenium.devtools.CdpVersionFinder   : Unable to find CDP implementation matching 107.
2022-11-13 10:07:06.048  WARN 7556 --- [TestNG-PoolService-0] o.o.selenium.chromium.ChromiumDriver     : Unable to find version of CDP to use for . You may need to include a dependency on a specific version of the CDP using something similar to `org.seleniumhq.selenium:selenium-devtools-v86:4.2.1` where the version ("v86") matches the version of the chromium-based browser you're using and the version number of the artifact is the same as Selenium's.
2022-11-13 10:07:12.975  INFO 7556 --- [TestNG-PoolService-3] c.u.s.s.page.visa.VisaRegistrationPage   : Getting names : Kraig
2022-11-13 10:07:12.990  INFO 7556 --- [TestNG-PoolService-4] c.u.s.s.page.visa.VisaRegistrationPage   : Getting names : Houston
2022-11-13 10:07:15.484  INFO 7556 --- [TestNG-PoolService-5] c.u.s.s.page.visa.VisaRegistrationPage   : Getting names : Ruthie
2022-11-13 10:07:19.313  INFO 7556 --- [TestNG-PoolService-2] .b.t.c.SpringBootTestContextBootstrapper : Neither @ContextConfiguration nor @ContextHierarchy found for test class [com.udemy.spring.springselenium.bdd.GoogleSteps], using SpringBootContextLoader
2022-11-13 10:07:19.315  INFO 7556 --- [TestNG-PoolService-2] o.s.t.c.support.AbstractContextLoader    : Could not detect default resource locations for test class [com.udemy.spring.springselenium.bdd.GoogleSteps]: no resource found for suffixes {-context.xml, Context.groovy}.
2022-11-13 10:07:19.316  INFO 7556 --- [TestNG-PoolService-2] t.c.s.AnnotationConfigContextLoaderUtils : Could not detect default configuration classes for test class [com.udemy.spring.springselenium.bdd.GoogleSteps]: GoogleSteps does not declare any static, non-private, non-final, nested classes annotated with @Configuration.
2022-11-13 10:07:19.320  INFO 7556 --- [TestNG-PoolService-2] .b.t.c.SpringBootTestContextBootstrapper : Found @SpringBootConfiguration com.udemy.spring.springselenium.SpringSeleniumApplication for test class com.udemy.spring.springselenium.bdd.GoogleSteps
2022-11-13 10:07:19.325  INFO 7556 --- [TestNG-PoolService-2] .b.t.c.SpringBootTestContextBootstrapper : Loaded default TestExecutionListener class names from location [META-INF/spring.factories]: [org.springframework.boot.test.mock.mockito.MockitoTestExecutionListener, org.springframework.boot.test.mock.mockito.ResetMocksTestExecutionListener, org.springframework.boot.test.autoconfigure.restdocs.RestDocsTestExecutionListener, org.springframework.boot.test.autoconfigure.web.client.MockRestServiceServerResetTestExecutionListener, org.springframework.boot.test.autoconfigure.web.servlet.MockMvcPrintOnlyOnFailureTestExecutionListener, org.springframework.boot.test.autoconfigure.web.servlet.WebDriverTestExecutionListener, org.springframework.boot.test.autoconfigure.webservices.client.MockWebServiceServerTestExecutionListener, org.springframework.test.context.web.ServletTestExecutionListener, org.springframework.test.context.support.DirtiesContextBeforeModesTestExecutionListener, org.springframework.test.context.event.ApplicationEventsTestExecutionListener, org.springframework.test.context.support.DependencyInjectionTestExecutionListener, org.springframework.test.context.support.DirtiesContextTestExecutionListener, org.springframework.test.context.transaction.TransactionalTestExecutionListener, org.springframework.test.context.jdbc.SqlScriptsTestExecutionListener, org.springframework.test.context.event.EventPublishingTestExecutionListener]
2022-11-13 10:07:19.327  INFO 7556 --- [TestNG-PoolService-2] .b.t.c.SpringBootTestContextBootstrapper : Using TestExecutionListeners: [org.springframework.test.context.support.DirtiesContextBeforeModesTestExecutionListener@45606a34, org.springframework.test.context.event.ApplicationEventsTestExecutionListener@12e16043, org.springframework.boot.test.mock.mockito.MockitoTestExecutionListener@1b266be2, org.springframework.boot.test.autoconfigure.SpringBootDependencyInjectionTestExecutionListener@3ce3c738, org.springframework.test.context.support.DirtiesContextTestExecutionListener@7a142b5a, org.springframework.test.context.transaction.TransactionalTestExecutionListener@63eebf23, org.springframework.test.context.jdbc.SqlScriptsTestExecutionListener@4b3fb1c7, org.springframework.test.context.event.EventPublishingTestExecutionListener@6947759f, org.springframework.boot.test.mock.mockito.ResetMocksTestExecutionListener@32d2cd16, org.springframework.boot.test.autoconfigure.restdocs.RestDocsTestExecutionListener@24d36bc8, org.springframework.boot.test.autoconfigure.web.client.MockRestServiceServerResetTestExecutionListener@1254471c, org.springframework.boot.test.autoconfigure.web.servlet.MockMvcPrintOnlyOnFailureTestExecutionListener@40ed3344, org.springframework.boot.test.autoconfigure.web.servlet.WebDriverTestExecutionListener@6473ec32, org.springframework.boot.test.autoconfigure.webservices.client.MockWebServiceServerTestExecutionListener@5bc1565f]
2022-11-13 10:07:19.366  INFO 7556 --- [TestNG-PoolService-2] i.g.bonigarcia.wdm.WebDriverManager      : Using chromedriver 107.0.5304.62 (resolved driver for Chrome 107)
2022-11-13 10:07:19.376  INFO 7556 --- [TestNG-PoolService-2] i.g.bonigarcia.wdm.WebDriverManager      : Exporting webdriver.chrome.driver as C:\Users\nagoo\.cache\selenium\chromedriver\win32\107.0.5304.62\chromedriver.exe
2022-11-13 10:07:20.525  INFO 7556 --- [Forwarding newSession on session null to remote] o.o.selenium.remote.ProtocolHandshake    : Detected upstream dialect: W3C
2022-11-13 10:07:20.549  WARN 7556 --- [TestNG-PoolService-2] o.o.selenium.devtools.CdpVersionFinder   : Unable to find an exact match for CDP version 107, so returning the closest version found: a no-op implementation
2022-11-13 10:07:20.549  INFO 7556 --- [TestNG-PoolService-2] o.o.selenium.devtools.CdpVersionFinder   : Unable to find CDP implementation matching 107.
2022-11-13 10:07:20.550  WARN 7556 --- [TestNG-PoolService-2] o.o.selenium.chromium.ChromiumDriver     : Unable to find version of CDP to use for . You may need to include a dependency on a specific version of the CDP using something similar to `org.seleniumhq.selenium:selenium-devtools-v86:4.2.1` where the version ("v86") matches the version of the chromium-based browser you're using and the version number of the artifact is the same as Selenium's.
2022-11-13 10:07:24.968  INFO 7556 --- [TestNG-PoolService-2] c.u.s.s.page.visa.VisaRegistrationPage   : Getting names : Shonna
2022-11-13 10:07:29.291  INFO 7556 --- [main] tech.grasshopper.pdf.PDFCucumberReport   : PDF report configuration YAML file not found. Using default settings.
2022-11-13 10:07:37.464 ERROR 7556 --- [main] org.testng.reporters.jq.Main             : D:\spring-selenium\spring-selenium2\target\surefire-reports\jquery-3.6.0.min.js

java.nio.file.FileAlreadyExistsException: D:\spring-selenium\spring-selenium2\target\surefire-reports\jquery-3.6.0.min.js
	at java.base/sun.nio.fs.WindowsException.translateToIOException(WindowsException.java:87) ~[na:na]
	at java.base/sun.nio.fs.WindowsException.rethrowAsIOException(WindowsException.java:103) ~[na:na]
	at java.base/sun.nio.fs.WindowsException.rethrowAsIOException(WindowsException.java:108) ~[na:na]
	at java.base/sun.nio.fs.WindowsFileSystemProvider.newByteChannel(WindowsFileSystemProvider.java:235) ~[na:na]
	at java.base/java.nio.file.spi.FileSystemProvider.newOutputStream(FileSystemProvider.java:478) ~[na:na]
	at java.base/java.nio.file.Files.newOutputStream(Files.java:224) ~[na:na]
	at java.base/java.nio.file.Files.copy(Files.java:3144) ~[na:na]
	at org.testng.reporters.jq.Main.generateReport(Main.java:93) ~[testng-7.6.0.jar:7.6.0]
	at org.testng.TestNG.generateReports(TestNG.java:1134) ~[testng-7.6.0.jar:7.6.0]
	at org.testng.TestNG.run(TestNG.java:1072) ~[testng-7.6.0.jar:7.6.0]
	at org.apache.maven.surefire.testng.TestNGExecutor.run(TestNGExecutor.java:135) ~[surefire-testng-2.22.2.jar:2.22.2]
	at org.apache.maven.surefire.testng.TestNGDirectoryTestSuite.executeSingleClass(TestNGDirectoryTestSuite.java:112) ~[surefire-testng-2.22.2.jar:2.22.2]
	at org.apache.maven.surefire.testng.TestNGDirectoryTestSuite.execute(TestNGDirectoryTestSuite.java:99) ~[surefire-testng-2.22.2.jar:2.22.2]
	at org.apache.maven.surefire.testng.TestNGProvider.invoke(TestNGProvider.java:146) ~[surefire-testng-2.22.2.jar:2.22.2]
	at org.apache.maven.surefire.booter.ForkedBooter.invokeProviderInSameClassLoader(ForkedBooter.java:384) ~[surefire-booter-2.22.2.jar:2.22.2]
	at org.apache.maven.surefire.booter.ForkedBooter.runSuitesInProcess(ForkedBooter.java:345) ~[surefire-booter-2.22.2.jar:2.22.2]
	at org.apache.maven.surefire.booter.ForkedBooter.execute(ForkedBooter.java:126) ~[surefire-booter-2.22.2.jar:2.22.2]
	at org.apache.maven.surefire.booter.ForkedBooter.main(ForkedBooter.java:418) ~[surefire-booter-2.22.2.jar:2.22.2]

2022-11-13 10:07:37.507  INFO 7556 --- [SpringApplicationShutdownHook] j.LocalContainerEntityManagerFactoryBean : Closing JPA EntityManagerFactory for persistence unit 'default'
2022-11-13 10:07:37.508  INFO 7556 --- [SpringApplicationShutdownHook] .SchemaDropperImpl$DelayedDropActionImpl : HHH000477: Starting delayed evictData of schema as part of SessionFactory shut-down'
2022-11-13 10:07:37.512  INFO 7556 --- [SpringApplicationShutdownHook] com.zaxxer.hikari.HikariDataSource       : HikariPool-1 - Shutdown initiated...
2022-11-13 10:07:37.515  INFO 7556 --- [SpringApplicationShutdownHook] com.zaxxer.hikari.HikariDataSource       : HikariPool-1 - Shutdown completed.
